<?xml version="1.0" encoding="UTF-8"?>
<testng-results skipped="0" failed="0" total="5" passed="5">
  <reporter-output>
  </reporter-output>
  <suite name="Default suite" duration-ms="3762" started-at="2016-04-29T08:14:22Z" finished-at="2016-04-29T08:14:26Z">
    <groups>
    </groups>
    <test name="Default test" duration-ms="3762" started-at="2016-04-29T08:14:22Z" finished-at="2016-04-29T08:14:26Z">
      <class name="src.coms.annotation.TestAnnotation">
        <test-method status="PASS" signature="initialize()[pri:0, instance:src.coms.annotation.TestAnnotation@133c0a8a]" name="initialize" is-config="true" duration-ms="10" started-at="2016-04-29T13:44:22Z" finished-at="2016-04-29T13:44:22Z">
          <reporter-output>
          </reporter-output>
        </test-method> <!-- initialize -->
        <test-method status="PASS" signature="testCount()[pri:0, instance:src.coms.annotation.TestAnnotation@133c0a8a]" name="testCount" duration-ms="0" started-at="2016-04-29T13:44:22Z" finished-at="2016-04-29T13:44:22Z">
          <reporter-output>
          </reporter-output>
        </test-method> <!-- testCount -->
        <test-method status="PASS" signature="testCount()[pri:0, instance:src.coms.annotation.TestAnnotation@133c0a8a]" name="testCount" duration-ms="0" started-at="2016-04-29T13:44:22Z" finished-at="2016-04-29T13:44:22Z">
          <reporter-output>
          </reporter-output>
        </test-method> <!-- testCount -->
        <test-method status="PASS" signature="testCount()[pri:0, instance:src.coms.annotation.TestAnnotation@133c0a8a]" name="testCount" duration-ms="0" started-at="2016-04-29T13:44:22Z" finished-at="2016-04-29T13:44:22Z">
          <reporter-output>
          </reporter-output>
        </test-method> <!-- testCount -->
        <test-method status="PASS" signature="testCount()[pri:0, instance:src.coms.annotation.TestAnnotation@133c0a8a]" name="testCount" duration-ms="0" started-at="2016-04-29T13:44:22Z" finished-at="2016-04-29T13:44:22Z">
          <reporter-output>
          </reporter-output>
        </test-method> <!-- testCount -->
        <test-method status="PASS" signature="testCount()[pri:0, instance:src.coms.annotation.TestAnnotation@133c0a8a]" name="testCount" duration-ms="0" started-at="2016-04-29T13:44:22Z" finished-at="2016-04-29T13:44:22Z">
          <reporter-output>
          </reporter-output>
        </test-method> <!-- testCount -->
        <test-method status="PASS" signature="afterSuite()[pri:0, instance:src.coms.annotation.TestAnnotation@133c0a8a]" name="afterSuite" is-config="true" duration-ms="3732" started-at="2016-04-29T13:44:22Z" finished-at="2016-04-29T13:44:26Z">
          <reporter-output>
          </reporter-output>
        </test-method> <!-- afterSuite -->
      </class> <!-- src.coms.annotation.TestAnnotation -->
    </test> <!-- Default test -->
  </suite> <!-- Default suite -->
</testng-results>
