<?xml version="1.0" encoding="UTF-8"?>
<!-- Generated by org.testng.reporters.JUnitXMLReporter -->
<testsuite hostname="TRICONNODE109" name="TestCase-00001"
	tests="48" failures="0" timestamp="14 Oct 2015 11:25:44 GMT" time="5.131"
	errors="0">
	<testcase name="testCount" time="0.004"
		classname="coms.annotation.TestAnnotation" />
	<testcase name="testCount" time="0.0"
		classname="coms.annotation.TestAnnotation" />
	<testcase name="testCount" time="0.0"
		classname="coms.annotation.TestAnnotation" />
	<testcase name="testCount" time="0.001"
		classname="coms.annotation.TestAnnotation" />
	<testcase name="testCount" time="0.0"
		classname="coms.annotation.TestAnnotation" />
	<testcase name="testCount" time="0.0"
		classname="coms.annotation.TestAnnotation" />
	<testcase name="testCount" time="0.0"
		classname="coms.annotation.TestAnnotation" />
	<testcase name="testCount" time="0.001"
		classname="coms.annotation.TestAnnotation" />
	<testcase name="testCount" time="0.0"
		classname="coms.annotation.TestAnnotation" />
	<testcase name="testCount" time="0.0"
		classname="coms.annotation.TestAnnotation" />
	<testcase name="testCount" time="0.001"
		classname="coms.annotation.TestAnnotation" />
	<testcase name="testCount" time="0.001"
		classname="coms.annotation.TestAnnotation" />
	<testcase name="testCount" time="0.0"
		classname="coms.annotation.TestAnnotation" />
	<testcase name="testCount" time="0.0"
		classname="coms.annotation.TestAnnotation" />
	<testcase name="testCount" time="0.001"
		classname="coms.annotation.TestAnnotation" />
	<testcase name="testCount" time="0.001"
		classname="coms.annotation.TestAnnotation" />
	<testcase name="testCount" time="0.001"
		classname="coms.annotation.TestAnnotation" />
	<testcase name="testCount" time="0.0"
		classname="coms.annotation.TestAnnotation" />
	<testcase name="testCount" time="0.0"
		classname="coms.annotation.TestAnnotation" />
	<testcase name="testCount" time="0.0"
		classname="coms.annotation.TestAnnotation" />
	<testcase name="testCount" time="0.001"
		classname="coms.annotation.TestAnnotation" />
	<testcase name="testCount" time="0.001"
		classname="coms.annotation.TestAnnotation" />
	<testcase name="testCount" time="0.001"
		classname="coms.annotation.TestAnnotation" />
	<testcase name="testCount" time="0.001"
		classname="coms.annotation.TestAnnotation" />
	<testcase name="testCount" time="0.0"
		classname="coms.annotation.TestAnnotation" />
	<testcase name="testCount" time="0.0"
		classname="coms.annotation.TestAnnotation" />
	<testcase name="testCount" time="0.0"
		classname="coms.annotation.TestAnnotation" />
	<testcase name="testCount" time="0.001"
		classname="coms.annotation.TestAnnotation" />
	<testcase name="testCount" time="0.001"
		classname="coms.annotation.TestAnnotation" />
	<testcase name="testCount" time="0.001"
		classname="coms.annotation.TestAnnotation" />
	<testcase name="testCount" time="0.0"
		classname="coms.annotation.TestAnnotation" />
	<testcase name="testCount" time="0.0"
		classname="coms.annotation.TestAnnotation" />
	<testcase name="testCount" time="0.001"
		classname="coms.annotation.TestAnnotation" />
	<testcase name="testCount" time="0.001"
		classname="coms.annotation.TestAnnotation" />
	<testcase name="testCount" time="0.0"
		classname="coms.annotation.TestAnnotation" />
	<testcase name="testCount" time="0.0"
		classname="coms.annotation.TestAnnotation" />
	<testcase name="testCount" time="0.0"
		classname="coms.annotation.TestAnnotation" />
	<testcase name="testCount" time="0.0"
		classname="coms.annotation.TestAnnotation" />
	<testcase name="testCount" time="0.001"
		classname="coms.annotation.TestAnnotation" />
	<testcase name="testCount" time="0.001"
		classname="coms.annotation.TestAnnotation" />
	<testcase name="testCount" time="0.001"
		classname="coms.annotation.TestAnnotation" />
	<testcase name="testCount" time="0.001"
		classname="coms.annotation.TestAnnotation" />
	<testcase name="testCount" time="0.001"
		classname="coms.annotation.TestAnnotation" />
	<testcase name="testCount" time="0.001"
		classname="coms.annotation.TestAnnotation" />
	<testcase name="testCount" time="0.0"
		classname="coms.annotation.TestAnnotation" />
	<testcase name="testCount" time="0.0"
		classname="coms.annotation.TestAnnotation" />
	<testcase name="testCount" time="0.0"
		classname="coms.annotation.TestAnnotation" />
	<testcase name="testCount" time="0.0"
		classname="coms.annotation.TestAnnotation" />
</testsuite> <!-- TestCase-00001 -->
