<?xml version="1.0" encoding="UTF-8"?>
<!-- Generated by org.testng.reporters.JUnitXMLReporter -->
<testsuite hostname="TRICONNODE109" name="Default test" tests="5" failures="0" timestamp="29 Apr 2016 08:14:26 GMT" time="3.762" errors="0">
  <testcase name="testCount" time="0.0" classname="src.coms.annotation.TestAnnotation"/>
  <testcase name="testCount" time="0.0" classname="src.coms.annotation.TestAnnotation"/>
  <testcase name="testCount" time="0.0" classname="src.coms.annotation.TestAnnotation"/>
  <testcase name="testCount" time="0.0" classname="src.coms.annotation.TestAnnotation"/>
  <testcase name="testCount" time="0.0" classname="src.coms.annotation.TestAnnotation"/>
</testsuite> <!-- Default test -->
